<?xml version="1.0" encoding="UTF-8"?>
<!-- Generated by org.testng.reporters.JUnitXMLReporter -->
<testsuite ignored="0" hostname="VR" failures="0" tests="8" name="Surefire test" time="19.45" errors="0" timestamp="2024-12-18T16:53:46 IST">
  <testcase classname="api.Test.TC001_CartTest" name="testCreateToken" time="3.352"/>
  <testcase classname="api.Test.TC001_CartTest" name="testAddToCart" time="0.117"/>
  <testcase classname="api.Test.TC001_CartTest" name="testGetCart" time="0.209"/>
  <testcase classname="api.Test.TC001_CartTest" name="testEditCart" time="0.079"/>
  <testcase classname="api.Test.TC001_CartTest" name="testRemoveCart" time="0.096"/>
  <testcase classname="api.Test.TC002_GorestTest" name="GorestTest" time="5.344"/>
  <testcase classname="api.Test.TC002_GorestTest" name="GorestTest" time="3.82"/>
  <testcase classname="api.Test.TC002_GorestTest" name="GorestTest" time="3.987"/>
</testsuite> <!-- Surefire test -->
