<?xml version="1.0" encoding="UTF-8"?>
<!-- Generated by org.testng.reporters.JUnitXMLReporter -->
<testsuite ignored="0" hostname="VR" failures="0" tests="3" name="Default test" time="18.572" errors="0" timestamp="2024-12-18T16:40:23 IST">
  <testcase classname="api.Test.TC002_GorestTest" name="GorestTest" time="7.035"/>
  <testcase classname="api.Test.TC002_GorestTest" name="GorestTest" time="5.216"/>
  <testcase classname="api.Test.TC002_GorestTest" name="GorestTest" time="3.89"/>
</testsuite> <!-- Default test -->
