<?xml version="1.0" encoding="UTF-8"?>
<!-- Generated by org.testng.reporters.JUnitXMLReporter -->
<testsuite ignored="0" hostname="VR" failures="0" tests="8" name="Test" time="18.764" errors="0" timestamp="2024-12-18T16:45:22 IST">
  <testcase classname="api.Test.TC001_CartTest" name="testCreateToken" time="2.862"/>
  <testcase classname="api.Test.TC001_CartTest" name="testAddToCart" time="0.202"/>
  <testcase classname="api.Test.TC001_CartTest" name="testGetCart" time="0.249"/>
  <testcase classname="api.Test.TC001_CartTest" name="testEditCart" time="0.091"/>
  <testcase classname="api.Test.TC001_CartTest" name="testRemoveCart" time="0.099"/>
  <testcase classname="api.Test.TC002_GorestTest" name="GorestTest" time="4.863"/>
  <testcase classname="api.Test.TC002_GorestTest" name="GorestTest" time="3.99"/>
  <testcase classname="api.Test.TC002_GorestTest" name="GorestTest" time="3.684"/>
</testsuite> <!-- Test -->
