<?xml version="1.0" encoding="UTF-8"?>
<testsuite xmlns:xsi="http://www.w3.org/2001/XMLSchema-instance" xsi:noNamespaceSchemaLocation="https://maven.apache.org/surefire/maven-surefire-plugin/xsd/surefire-test-report.xsd" version="3.0.2" name="TestSuite" time="20.158" tests="8" errors="0" skipped="0" failures="0">
  <properties>
[...]
</properties>
  <testcase name="testCreateToken" classname="api.Test.TC001_CartTest" time="3.353">
    <system-out><![CDATA[HTTP/1.1 200 OK
Date: Wed, 18 Dec 2024 11:23:30 GMT
Server: Apache/2.4.58 (Win64) OpenSSL/3.1.3 PHP/8.0.30
X-Powered-By: PHP/8.0.30
Set-Cookie: OCSESSID=25a988827e4430e578e159b2c1; path=/
Set-Cookie: language=en-gb; expires=Fri, 17-Jan-2025 11:23:30 GMT; Max-Age=2592000; path=/; domain=192.168.125.231
Set-Cookie: currency=USD; expires=Fri, 17-Jan-2025 11:23:30 GMT; Max-Age=2592000; path=/; domain=192.168.125.231
Content-Length: 97
Keep-Alive: timeout=5, max=100
Connection: Keep-Alive
Content-Type: application/json

{
    "success": "Success: API session successfully started!",
    "api_token": "3df0e50cfe51c266f4ff332ed3"
}
3df0e50cfe51c266f4ff332ed3
]]></system-out>
    <system-err><![CDATA[SLF4J: Failed to load class "org.slf4j.impl.StaticLoggerBinder".
SLF4J: Defaulting to no-operation (NOP) logger implementation
SLF4J: See http://www.slf4j.org/codes.html#StaticLoggerBinder for further details.
]]></system-err>
  </testcase>
  <testcase name="testAddToCart" classname="api.Test.TC001_CartTest" time="0.119">
    <system-out><![CDATA[HTTP/1.1 200 OK
Date: Wed, 18 Dec 2024 11:23:31 GMT
Server: Apache/2.4.58 (Win64) OpenSSL/3.1.3 PHP/8.0.30
X-Powered-By: PHP/8.0.30
Set-Cookie: language=en-gb; expires=Fri, 17-Jan-2025 11:23:31 GMT; Max-Age=2592000; path=/; domain=192.168.125.231
Set-Cookie: currency=USD; expires=Fri, 17-Jan-2025 11:23:31 GMT; Max-Age=2592000; path=/; domain=192.168.125.231
Content-Length: 60
Keep-Alive: timeout=5, max=100
Connection: Keep-Alive
Content-Type: application/json

{
    "success": "Success: You have modified your shopping cart!"
}
]]></system-out>
  </testcase>
  <testcase name="testGetCart" classname="api.Test.TC001_CartTest" time="0.21">
    <system-out><![CDATA[HTTP/1.1 200 OK
Date: Wed, 18 Dec 2024 11:23:31 GMT
Server: Apache/2.4.58 (Win64) OpenSSL/3.1.3 PHP/8.0.30
X-Powered-By: PHP/8.0.30
Set-Cookie: language=en-gb; expires=Fri, 17-Jan-2025 11:23:31 GMT; Max-Age=2592000; path=/; domain=192.168.125.231
Set-Cookie: currency=USD; expires=Fri, 17-Jan-2025 11:23:31 GMT; Max-Age=2592000; path=/; domain=192.168.125.231
Content-Length: 368
Keep-Alive: timeout=5, max=100
Connection: Keep-Alive
Content-Type: application/json

{
    "products": [
        {
            "cart_id": "33",
            "product_id": "40",
            "name": "iPhone",
            "model": "product 11",
            "option": [
                
            ],
            "quantity": "3",
            "stock": true,
            "shipping": "1",
            "price": "$123.20",
            "total": "$369.60",
            "reward": 0
        }
    ],
    "vouchers": [
        
    ],
    "totals": [
        {
            "title": "Sub-Total",
            "text": "$303.00"
        },
        {
            "title": "Eco Tax (-2.00)",
            "text": "$6.00"
        },
        {
            "title": "VAT (20%)",
            "text": "$60.60"
        },
        {
            "title": "Total",
            "text": "$369.60"
        }
    ]
}
33
]]></system-out>
  </testcase>
  <testcase name="testEditCart" classname="api.Test.TC001_CartTest" time="0.081">
    <system-out><![CDATA[HTTP/1.1 200 OK
Date: Wed, 18 Dec 2024 11:23:31 GMT
Server: Apache/2.4.58 (Win64) OpenSSL/3.1.3 PHP/8.0.30
X-Powered-By: PHP/8.0.30
Set-Cookie: language=en-gb; expires=Fri, 17-Jan-2025 11:23:31 GMT; Max-Age=2592000; path=/; domain=192.168.125.231
Set-Cookie: currency=USD; expires=Fri, 17-Jan-2025 11:23:31 GMT; Max-Age=2592000; path=/; domain=192.168.125.231
Content-Length: 193
Keep-Alive: timeout=5, max=100
Connection: Keep-Alive
Content-Type: application/json

<b>Warning</b>: Undefined array key "key" in <b>C:\xampp\htdocs\opencart\upload\catalog\controller\api\cart.php</b> on line <b>84</b>{"success":"Success: You have modified your shopping cart!"}
]]></system-out>
  </testcase>
  <testcase name="testRemoveCart" classname="api.Test.TC001_CartTest" time="0.093"/>
  <testcase name="GorestTest[185ad18620cd99534c1ccd4d212e3cb4936241560af682f8eb219bebdeef4d80, Olivia GreenA, olivia.greenA@example.com, Female, active](1)" classname="api.Test.TC002_GorestTest" time="5.344">
    <system-out><![CDATA[7590696
HTTP/1.1 200 OK
Date: Wed, 18 Dec 2024 11:23:36 GMT
Content-Type: application/json; charset=utf-8
Transfer-Encoding: chunked
Connection: keep-alive
Cache-Control: max-age=0, private, must-revalidate
etag: W/"3f5725d5b54692d4fe997e1473690666"
feature-policy: camera 'none'; gyroscope 'none'; microphone 'none'; usb 'none'; fullscreen 'self'
referrer-policy: strict-origin-when-cross-origin
vary: Origin
x-content-type-options: nosniff
x-download-options: noopen
x-frame-options: SAMEORIGIN
x-permitted-cross-domain-policies: none
x-ratelimit-limit: 90
x-ratelimit-remaining: 89
x-ratelimit-reset: 1
x-request-id: e9e654db-9764-4301-b06d-381a35145cba
x-runtime: 0.062309
x-xss-protection: 0
cf-cache-status: DYNAMIC
Report-To: {"endpoints":[{"url":"https:\/\/a.nel.cloudflare.com\/report\/v4?s=13sjkf44hguLC1HZeHFypJxQ9bZpFxEMmlSiQaP3nEBOW4DSU7r2k%2FEbiMlUCRcedSv%2Bkf7Eky0cWE4bAlYUjNH8v9HejwIq3gO58dpW%2Fhn3pvEwp8VfJPjXF%2FJ%2FDl0%3D"}],"group":"cf-nel","max_age":604800}
NEL: {"success_fraction":0,"report_to":"cf-nel","max_age":604800}
Server: cloudflare
CF-RAY: 8f3ec81eae2bdc96-FRA
Content-Encoding: gzip
alt-svc: h3=":443"; ma=86400
server-timing: cfL4;desc="?proto=TCP&rtt=246521&min_rtt=239839&rtt_var=103305&sent=5&recv=6&lost=0&retrans=0&sent_bytes=2693&recv_bytes=852&delivery_rate=13092&cwnd=252&unsent_bytes=0&cid=2df3eb7a6437c06c&ts=546&x=0"

{
    "id": 7590696,
    "name": "Olivia GreenA",
    "email": "olivia.greenA@example.com",
    "gender": "female",
    "status": "active"
}
]]></system-out>
  </testcase>
  <testcase name="GorestTest[185ad18620cd99534c1ccd4d212e3cb4936241560af682f8eb219bebdeef4d80, Noah Carter, noah.carter@example.com, Male, inactive](2)" classname="api.Test.TC002_GorestTest" time="3.82">
    <system-out><![CDATA[7590697
HTTP/1.1 200 OK
Date: Wed, 18 Dec 2024 11:23:40 GMT
Content-Type: application/json; charset=utf-8
Transfer-Encoding: chunked
Connection: keep-alive
Cache-Control: max-age=0, private, must-revalidate
etag: W/"b1c26c5977fdeecfe709b39b0dbf49ca"
feature-policy: camera 'none'; gyroscope 'none'; microphone 'none'; usb 'none'; fullscreen 'self'
referrer-policy: strict-origin-when-cross-origin
vary: Origin
x-content-type-options: nosniff
x-download-options: noopen
x-frame-options: SAMEORIGIN
x-permitted-cross-domain-policies: none
x-ratelimit-limit: 90
x-ratelimit-remaining: 89
x-ratelimit-reset: 1
x-request-id: 5cd437d3-3439-4583-a4d4-7c3654146c64
x-runtime: 0.077738
x-xss-protection: 0
cf-cache-status: DYNAMIC
Report-To: {"endpoints":[{"url":"https:\/\/a.nel.cloudflare.com\/report\/v4?s=lWhnQIUxniiTgRGghFsEedvQneoX3aa7PPJSmTGcuuivS7ztDgX91Yu4JC4bj9IpmrDp1u6oYiKxnUIdiExeM8LPks7lgngYCOuGEy5ATZOjPK8ThjBG0ExgAhRtUao%3D"}],"group":"cf-nel","max_age":604800}
NEL: {"success_fraction":0,"report_to":"cf-nel","max_age":604800}
Server: cloudflare
CF-RAY: 8f3ec8379b6d696a-FRA
Content-Encoding: gzip
alt-svc: h3=":443"; ma=86400
server-timing: cfL4;desc="?proto=TCP&rtt=263459&min_rtt=259585&rtt_var=105094&sent=5&recv=6&lost=0&retrans=0&sent_bytes=2694&recv_bytes=852&delivery_rate=13214&cwnd=252&unsent_bytes=0&cid=7768742b5006f9de&ts=843&x=0"

{
    "id": 7590697,
    "name": "Noah Carter",
    "email": "noah.carter@example.com",
    "gender": "male",
    "status": "inactive"
}
]]></system-out>
  </testcase>
  <testcase name="GorestTest[185ad18620cd99534c1ccd4d212e3cb4936241560af682f8eb219bebdeef4d80, Emma Thompson, emma.thompson@example.com, Female, active](3)" classname="api.Test.TC002_GorestTest" time="3.988">
    <system-out><![CDATA[7590698
HTTP/1.1 200 OK
Date: Wed, 18 Dec 2024 11:23:44 GMT
Content-Type: application/json; charset=utf-8
Transfer-Encoding: chunked
Connection: keep-alive
Cache-Control: max-age=0, private, must-revalidate
etag: W/"206fb8ed8d62e1e1a6c5e0a89c65aaeb"
feature-policy: camera 'none'; gyroscope 'none'; microphone 'none'; usb 'none'; fullscreen 'self'
referrer-policy: strict-origin-when-cross-origin
vary: Origin
x-content-type-options: nosniff
x-download-options: noopen
x-frame-options: SAMEORIGIN
x-permitted-cross-domain-policies: none
x-ratelimit-limit: 90
x-ratelimit-remaining: 89
x-ratelimit-reset: 1
x-request-id: c58053b8-2cb6-41af-bab4-413915e18393
x-runtime: 0.141640
x-xss-protection: 0
cf-cache-status: DYNAMIC
Report-To: {"endpoints":[{"url":"https:\/\/a.nel.cloudflare.com\/report\/v4?s=cD9TnMsYOcWp5B88z1rSZ6GqvYybXWCtJ9zfs9Ph6yXYSfikLaKD%2FCNWOppWf6P5j%2FyeBuPmCGnbICwFjiip%2BZf8aUYsYCYoWUsL68k8BXtju%2BiZgI09phxo2Q7dO64%3D"}],"group":"cf-nel","max_age":604800}
NEL: {"success_fraction":0,"report_to":"cf-nel","max_age":604800}
Server: cloudflare
CF-RAY: 8f3ec84fd908d298-FRA
Content-Encoding: gzip
alt-svc: h3=":443"; ma=86400
server-timing: cfL4;desc="?proto=TCP&rtt=301304&min_rtt=300151&rtt_var=86589&sent=5&recv=6&lost=0&retrans=0&sent_bytes=2693&recv_bytes=852&delivery_rate=12488&cwnd=252&unsent_bytes=0&cid=db88d8f2053a8e5a&ts=623&x=0"

{
    "id": 7590698,
    "name": "Emma Thompson",
    "email": "emma.thompson@example.com",
    "gender": "female",
    "status": "active"
}
]]></system-out>
  </testcase>
</testsuite>